<?xml version="1.0" encoding="UTF-8"?>
<!-- Generated by org.testng.reporters.JUnitReportReporter -->
<testsuite hostname="Madans-MacBook-Pro.local" failures="0" tests="1" name="com.ebanking.testng.Base" time="11.599" errors="0" timestamp="2021-07-12T15:30:47 IST" skipped="0">
  <testcase classname="com.ebanking.testng.Base" name="bc" time="11.599"/>
  <system-out/>
</testsuite> <!-- com.ebanking.testng.Base -->
