<?xml version="1.0" encoding="UTF-8"?>
<!-- Generated by org.testng.reporters.JUnitReportReporter -->
<testsuite hostname="Madans-MacBook-Pro.local" failures="0" tests="1" name="com.ebanking.testng.EmployeeNG" time="0.000" errors="0" timestamp="2021-07-24T11:27:07 IST" skipped="1">
  <testcase classname="com.ebanking.testng.EmployeeNG" name="employee" time="0.000">
    <skipped/>
  </testcase> <!-- employee -->
  <system-out/>
</testsuite> <!-- com.ebanking.testng.EmployeeNG -->
