<?xml version="1.0" encoding="UTF-8"?>
<!-- Generated by org.testng.reporters.JUnitReportReporter -->
<testsuite hostname="Madans-MacBook-Pro.local" failures="0" tests="1" name="com.ebanking.scripts.SampleNG" time="12.819" errors="0" timestamp="2021-07-16T20:25:22 IST" skipped="0">
  <testcase classname="com.ebanking.scripts.SampleNG" name="google" time="12.819"/>
  <system-out/>
</testsuite> <!-- com.ebanking.scripts.SampleNG -->
