<?xml version="1.0" encoding="UTF-8"?>
<!-- Generated by org.testng.reporters.JUnitReportReporter -->
<testsuite hostname="Madans-MacBook-Pro.local" failures="0" tests="1" name="com.ebanking.testng.Samplebgg" time="22.649" errors="0" timestamp="2021-07-12T15:17:20 IST" skipped="0">
  <testcase classname="com.ebanking.testng.Samplebgg" name="ranford" time="22.649"/>
  <system-out/>
</testsuite> <!-- com.ebanking.testng.Samplebgg -->
